<?xml version="1.0" encoding="UTF-8"?>
<testng-results ignored="0" total="1" passed="1" failed="0" skipped="0">
  <reporter-output>
  </reporter-output>
  <suite started-at="2024-10-16T22:16:54 IST" name="Default suite" finished-at="2024-10-16T22:17:01 IST" duration-ms="6988">
    <groups>
    </groups>
    <test started-at="2024-10-16T22:16:54 IST" name="Default test" finished-at="2024-10-16T22:17:01 IST" duration-ms="6988">
      <class name="testcase.TestClass">
        <test-method is-config="true" signature="setup()[pri:0, instance:testcase.TestClass@3270d194]" started-at="2024-10-16T22:16:54 IST" name="setup" finished-at="2024-10-16T22:16:59 IST" duration-ms="4666" status="PASS">
          <reporter-output>
          </reporter-output>
        </test-method> <!-- setup -->
        <test-method signature="Login()[pri:0, instance:testcase.TestClass@3270d194]" started-at="2024-10-16T22:16:59 IST" name="Login" finished-at="2024-10-16T22:17:01 IST" duration-ms="2275" status="PASS">
          <reporter-output>
          </reporter-output>
        </test-method> <!-- Login -->
      </class> <!-- testcase.TestClass -->
    </test> <!-- Default test -->
  </suite> <!-- Default suite -->
</testng-results>
